<?xml version="1.0" encoding="UTF-8"?>
<!-- Generated by org.testng.reporters.JUnitReportReporter -->
<testsuite skipped="0" hostname="DESKTOP-72KG4N1" name="scripts.test_facebook" tests="1" failures="0" timestamp="5 Nov 2019 11:04:47 GMT" time="15.382" errors="0">
  <testcase name="test" time="15.382" classname="scripts.test_facebook"/>
</testsuite> <!-- scripts.test_facebook -->
