<?xml version="1.0" encoding="UTF-8"?>
<!-- Generated by org.testng.reporters.JUnitReportReporter -->
<testsuite skipped="0" hostname="DESKTOP-72KG4N1" name="scripts.test_flipcart" tests="1" failures="0" timestamp="5 Nov 2019 11:47:09 GMT" time="27.692" errors="0">
  <testcase name="test" time="27.692" classname="scripts.test_flipcart"/>
</testsuite> <!-- scripts.test_flipcart -->
